#
# A fatal error has been detected by the Java Runtime Environment:
#
#  SIGBUS (0xa) at pc=0x0000000109f8ce92, pid=16225, tid=0x0000000000001c03
#
# JRE version: Java(TM) SE Runtime Environment (8.0_151-b12) (build 1.8.0_151-b12)
# Java VM: Java HotSpot(TM) 64-Bit Server VM (25.151-b12 mixed mode bsd-amd64 compressed oops)
# Problematic frame:
# C  [libzip.dylib+0x2e92]  newEntry+0x154
#
# Failed to write core dump. Core dumps have been disabled. To enable core dumping, try "ulimit -c unlimited" before starting Java again
#
# If you would like to submit a bug report, please visit:
#   http://bugreport.java.com/bugreport/crash.jsp
# The crash happened outside the Java Virtual Machine in native code.
# See problematic frame for where to report the bug.
#

---------------  T H R E A D  ---------------

Current thread (0x00007ff9fe809000):  JavaThread "main" [_thread_in_native, id=7171, stack(0x000070000746a000,0x000070000756a000)]

siginfo: si_signo: 10 (SIGBUS), si_code: 2 (BUS_ADRERR), si_addr: 0x0000000122d1bc9e

Registers:
RAX=0x00007ff9fe625960, RBX=0x0000000122d1bc92, RCX=0x0000000000000001, RDX=0x0000000000000500
RSP=0x0000700007568f60, RBP=0x0000700007568fc0, RSI=0x0000000010000000, RDI=0x00000000000005ff
R8 =0x0000000000000048, R9 =0x00007ff9fe75ff70, R10=0x00000000f0000000, R11=0x0000000000000004
R12=0x00007ff9fe625ad0, R13=0x0000000000000020, R14=0x000000004eecb6d3, R15=0x00007ff9fe4aa800
RIP=0x0000000109f8ce92, EFLAGS=0x0000000000010202, ERR=0x0000000000000004
  TRAPNO=0x000000000000000e

Top of Stack: (sp=0x0000700007568f60)
0x0000700007568f60:   0000700007569100 000000000bbdb6f6
0x0000700007568f70:   00007ff9fe809000 00007ff9fe809000
0x0000700007568f80:   0000700007568fa0 00007ff9fe625960
0x0000700007568f90:   00007ff9fe75ff70 00007ff9fe625960
0x0000700007568fa0:   00007ff9fe625ad0 0000000000000020
0x0000700007568fb0:   000000004eecb6d3 00007ff9fe4aa800
0x0000700007568fc0:   0000700007569020 0000000109f8d52d
0x0000700007568fd0:   000070000756904f 000070000756904e
0x0000700007568fe0:   0000000f00000000 0000001000809000
0x0000700007568ff0:   000070000756903e 0000700007569488
0x0000700007569000:   0000000000000010 000070000756903e
0x0000700007569010:   00007ff9fe625960 00007ff9fe8091f8
0x0000700007569020:   0000700007569470 0000000109f8c238
0x0000700007569030:   0000700007569060 6f64000100000000
0x0000700007569040:   612f73706f725063 00006c6d782e7070
0x0000700007569050:   000000011fc1d338 00000000ffffffff
0x0000700007569060:   00007000075690a0 000000010b9bc0ff
0x0000700007569070:   000000011fc1d338 00007ff9fe809000
0x0000700007569080:   000000011fc1d338 00000000ffffffff
0x0000700007569090:   000000011fc1d338 000000011fc1d338
0x00007000075690a0:   00007000075690e0 000000010b9bc752
0x00007000075690b0:   000000011fc1d338 00007ff9fe809000
0x00007000075690c0:   0000000000000000 000000011fc1d338
0x00007000075690d0:   0000000000000001 00007000075691a8
0x00007000075690e0:   0000700007569170 000000010bbdcb0a
0x00007000075690f0:   00000007c0068460 000000011fc1d338
0x0000700007569100:   00007ff9fe809000 000000010bbdb757
0x0000700007569110:   00007ff900000001 00007ff9fe809000
0x0000700007569120:   000000011fc67be0 000000011fc1d338
0x0000700007569130:   0000700007569150 000000011fc1d338
0x0000700007569140:   000000011fc1d338 000000011fc1d338
0x0000700007569150:   0000000000000001 000000011fc1d338 

Instructions: (pc=0x0000000109f8ce92)
0x0000000109f8ce72:   49 8b 7f 38 e8 5b 1b 00 00 4d 89 77 38 49 89 5f
0x0000000109f8ce82:   40 4c 89 f0 48 85 c0 0f 84 11 05 00 00 48 89 c3
0x0000000109f8ce92:   0f b6 43 0c 0f b6 4b 0d 48 c1 e1 08 48 01 c1 0f
0x0000000109f8cea2:   b6 43 0e 0f b6 53 0f 48 c1 e2 08 48 01 c2 48 c1 

Register to memory mapping:

RAX=0x00007ff9fe625960 is an unknown value
RBX=0x0000000122d1bc92 is an unknown value
RCX=0x0000000000000001 is an unknown value
RDX=0x0000000000000500 is an unknown value
RSP=0x0000700007568f60 is pointing into the stack for thread: 0x00007ff9fe809000
RBP=0x0000700007568fc0 is pointing into the stack for thread: 0x00007ff9fe809000
RSI=0x0000000010000000 is an unknown value
RDI=0x00000000000005ff is an unknown value
R8 =0x0000000000000048 is an unknown value
R9 =0x00007ff9fe75ff70 is an unknown value
R10=0x00000000f0000000 is an unknown value
R11=0x0000000000000004 is an unknown value
R12=0x00007ff9fe625ad0 is an unknown value
R13=0x0000000000000020 is an unknown value
R14=0x000000004eecb6d3 is an unknown value
R15=0x00007ff9fe4aa800 is an unknown value


Stack: [0x000070000746a000,0x000070000756a000],  sp=0x0000700007568f60,  free space=1019k
Native frames: (J=compiled Java code, j=interpreted, Vv=VM code, C=native code)
C  [libzip.dylib+0x2e92]  newEntry+0x154
C  [libzip.dylib+0x352d]  ZIP_GetEntry2+0xd4
C  [libzip.dylib+0x2238]  Java_java_util_zip_ZipFile_getEntry+0xcf
J 94  java.util.zip.ZipFile.getEntry(J[BZ)J (0 bytes) @ 0x000000010c8ea74e [0x000000010c8ea680+0xce]
J 393 C1 java.util.zip.ZipFile.getInputStream(Ljava/util/zip/ZipEntry;)Ljava/io/InputStream; (304 bytes) @ 0x000000010c9c1b4c [0x000000010c9c17c0+0x38c]
j  org.apache.poi.openxml4j.util.ZipSecureFile.getInputStream(Ljava/util/zip/ZipEntry;)Ljava/io/InputStream;+2
j  org.apache.poi.openxml4j.util.ZipFileZipEntrySource.getInputStream(Ljava/util/zip/ZipEntry;)Ljava/io/InputStream;+22
j  org.apache.poi.openxml4j.opc.ZipPackagePart.getInputStreamImpl()Ljava/io/InputStream;+14
j  org.apache.poi.openxml4j.opc.PackagePart.getInputStream()Ljava/io/InputStream;+1
j  org.apache.poi.POIXMLProperties.<init>(Lorg/apache/poi/openxml4j/opc/OPCPackage;)V+69
j  org.apache.poi.POIXMLDocument.getProperties()Lorg/apache/poi/POIXMLProperties;+16
j  org.apache.poi.POIXMLDocument.write(Ljava/io/OutputStream;)V+39
j  tests.ExcelTest.main([Ljava/lang/String;)V+129
v  ~StubRoutines::call_stub
V  [libjvm.dylib+0x2ee9aa]  JavaCalls::call_helper(JavaValue*, methodHandle*, JavaCallArguments*, Thread*)+0x6ae
V  [libjvm.dylib+0x3257c2]  jni_invoke_static(JNIEnv_*, JavaValue*, _jobject*, JNICallType, _jmethodID*, JNI_ArgumentPusher*, Thread*)+0x1bf
V  [libjvm.dylib+0x31e539]  jni_CallStaticVoidMethod+0x15d
C  [java+0x3931]  JavaMain+0x9c4
C  [libsystem_pthread.dylib+0x393b]  _pthread_body+0xb4
C  [libsystem_pthread.dylib+0x3887]  _pthread_body+0x0
C  [libsystem_pthread.dylib+0x308d]  thread_start+0xd
C  0x0000000000000000

Java frames: (J=compiled Java code, j=interpreted, Vv=VM code)
J 94  java.util.zip.ZipFile.getEntry(J[BZ)J (0 bytes) @ 0x000000010c8ea6d8 [0x000000010c8ea680+0x58]
J 393 C1 java.util.zip.ZipFile.getInputStream(Ljava/util/zip/ZipEntry;)Ljava/io/InputStream; (304 bytes) @ 0x000000010c9c1b4c [0x000000010c9c17c0+0x38c]
j  org.apache.poi.openxml4j.util.ZipSecureFile.getInputStream(Ljava/util/zip/ZipEntry;)Ljava/io/InputStream;+2
j  org.apache.poi.openxml4j.util.ZipFileZipEntrySource.getInputStream(Ljava/util/zip/ZipEntry;)Ljava/io/InputStream;+22
j  org.apache.poi.openxml4j.opc.ZipPackagePart.getInputStreamImpl()Ljava/io/InputStream;+14
j  org.apache.poi.openxml4j.opc.PackagePart.getInputStream()Ljava/io/InputStream;+1
j  org.apache.poi.POIXMLProperties.<init>(Lorg/apache/poi/openxml4j/opc/OPCPackage;)V+69
j  org.apache.poi.POIXMLDocument.getProperties()Lorg/apache/poi/POIXMLProperties;+16
j  org.apache.poi.POIXMLDocument.write(Ljava/io/OutputStream;)V+39
j  tests.ExcelTest.main([Ljava/lang/String;)V+129
v  ~StubRoutines::call_stub

---------------  P R O C E S S  ---------------

Java Threads: ( => current thread )
  0x00007ff9ff834000 JavaThread "Service Thread" daemon [_thread_blocked, id=18435, stack(0x000070000808e000,0x000070000818e000)]
  0x00007ffa00018800 JavaThread "C1 CompilerThread2" daemon [_thread_blocked, id=17923, stack(0x0000700007f8b000,0x000070000808b000)]
  0x00007ffa00017800 JavaThread "C2 CompilerThread1" daemon [_thread_blocked, id=17411, stack(0x0000700007e88000,0x0000700007f88000)]
  0x00007ff9fe854000 JavaThread "C2 CompilerThread0" daemon [_thread_blocked, id=16899, stack(0x0000700007d85000,0x0000700007e85000)]
  0x00007ffa00006000 JavaThread "Signal Dispatcher" daemon [_thread_blocked, id=16387, stack(0x0000700007c82000,0x0000700007d82000)]
  0x00007ff9fe84c800 JavaThread "Finalizer" daemon [_thread_blocked, id=12547, stack(0x0000700007b7f000,0x0000700007c7f000)]
  0x00007ff9fe849800 JavaThread "Reference Handler" daemon [_thread_blocked, id=12035, stack(0x0000700007a7c000,0x0000700007b7c000)]
=>0x00007ff9fe809000 JavaThread "main" [_thread_in_native, id=7171, stack(0x000070000746a000,0x000070000756a000)]

Other Threads:
  0x00007ff9ff003800 VMThread [stack: 0x0000700007979000,0x0000700007a79000] [id=11523]
  0x00007ffa00059800 WatcherThread [stack: 0x0000700008191000,0x0000700008291000] [id=18947]

VM state:not at safepoint (normal execution)

VM Mutex/Monitor currently owned by a thread: None

Heap:
 PSYoungGen      total 38400K, used 13433K [0x0000000795580000, 0x0000000798000000, 0x00000007c0000000)
  eden space 33280K, 24% used [0x0000000795580000,0x0000000795d9f5a8,0x0000000797600000)
  from space 5120K, 99% used [0x0000000797600000,0x0000000797aff188,0x0000000797b00000)
  to   space 5120K, 0% used [0x0000000797b00000,0x0000000797b00000,0x0000000798000000)
 ParOldGen       total 87552K, used 877K [0x0000000740000000, 0x0000000745580000, 0x0000000795580000)
  object space 87552K, 1% used [0x0000000740000000,0x00000007400db4d0,0x0000000745580000)
 Metaspace       used 10745K, capacity 10852K, committed 11136K, reserved 1058816K
  class space    used 1252K, capacity 1292K, committed 1408K, reserved 1048576K

Card table byte_map: [0x000000010abc0000,0x000000010afc1000] byte_map_base: 0x00000001071c0000

Marking Bits: (ParMarkBitMap*) 0x000000010c1035d0
 Begin Bits: [0x000000011b7b7000, 0x000000011d7b7000)
 End Bits:   [0x000000011d7b7000, 0x000000011f7b7000)

Polling page: 0x0000000109f80000

CodeCache: size=245760Kb used=3622Kb max_used=3634Kb free=242137Kb
 bounds [0x000000010c7b7000, 0x000000010cb47000, 0x000000011b7b7000]
 total_blobs=1235 nmethods=909 adapters=240
 compilation: enabled

Compilation events (10 events):
Event: 1.502 Thread 0x00007ffa00018800 nmethod 904 0x000000010cb3cdd0 code [0x000000010cb3cf40, 0x000000010cb3d268]
Event: 1.502 Thread 0x00007ffa00018800  905       3       org.apache.xmlbeans.impl.schema.SchemaTypeSystemImpl$XsbReader::readAnnotation (178 bytes)
Event: 1.503 Thread 0x00007ffa00018800 nmethod 905 0x000000010cb3d350 code [0x000000010cb3d7e0, 0x000000010cb402a8]
Event: 1.522 Thread 0x00007ffa00018800  906       1       org.apache.xmlbeans.impl.store.Locale::noSync (5 bytes)
Event: 1.522 Thread 0x00007ffa00018800 nmethod 906 0x000000010cb41d10 code [0x000000010cb41e60, 0x000000010cb41f70]
Event: 1.523 Thread 0x00007ffa00018800  907       3       sun.misc.URLClassPath::findResource (47 bytes)
Event: 1.523 Thread 0x00007ffa00018800 nmethod 907 0x000000010cb41fd0 code [0x000000010cb42180, 0x000000010cb42548]
Event: 1.533 Thread 0x00007ffa00018800  908       3       java.util.regex.Pattern$Dot::<init> (6 bytes)
Event: 1.533 Thread 0x00007ff9fe854000  909   !   4       java.net.URI::encode (142 bytes)
Event: 1.533 Thread 0x00007ffa00018800 nmethod 908 0x000000010cb426d0 code [0x000000010cb42860, 0x000000010cb42b50]

GC Heap History (2 events):
Event: 1.227 GC heap before
{Heap before GC invocations=1 (full 0):
 PSYoungGen      total 38400K, used 33280K [0x0000000795580000, 0x0000000798000000, 0x00000007c0000000)
  eden space 33280K, 100% used [0x0000000795580000,0x0000000797600000,0x0000000797600000)
  from space 5120K, 0% used [0x0000000797b00000,0x0000000797b00000,0x0000000798000000)
  to   space 5120K, 0% used [0x0000000797600000,0x0000000797600000,0x0000000797b00000)
 ParOldGen       total 87552K, used 0K [0x0000000740000000, 0x0000000745580000, 0x0000000795580000)
  object space 87552K, 0% used [0x0000000740000000,0x0000000740000000,0x0000000745580000)
 Metaspace       used 9668K, capacity 9732K, committed 9856K, reserved 1058816K
  class space    used 1102K, capacity 1132K, committed 1152K, reserved 1048576K
Event: 1.235 GC heap after
Heap after GC invocations=1 (full 0):
 PSYoungGen      total 38400K, used 5116K [0x0000000795580000, 0x0000000798000000, 0x00000007c0000000)
  eden space 33280K, 0% used [0x0000000795580000,0x0000000795580000,0x0000000797600000)
  from space 5120K, 99% used [0x0000000797600000,0x0000000797aff188,0x0000000797b00000)
  to   space 5120K, 0% used [0x0000000797b00000,0x0000000797b00000,0x0000000798000000)
 ParOldGen       total 87552K, used 877K [0x0000000740000000, 0x0000000745580000, 0x0000000795580000)
  object space 87552K, 1% used [0x0000000740000000,0x00000007400db4d0,0x0000000745580000)
 Metaspace       used 9668K, capacity 9732K, committed 9856K, reserved 1058816K
  class space    used 1102K, capacity 1132K, committed 1152K, reserved 1048576K
}

Deoptimization events (4 events):
Event: 0.116 Thread 0x00007ff9fe809000 Uncommon trap: reason=unstable_if action=reinterpret pc=0x000000010c8e04b8 method=java.lang.String.indexOf(II)I @ 49
Event: 0.320 Thread 0x00007ff9fe809000 Uncommon trap: reason=unstable_if action=reinterpret pc=0x000000010c928090 method=java.lang.String.indexOf([CII[CIII)I @ 123
Event: 0.320 Thread 0x00007ff9fe809000 Uncommon trap: reason=unstable_if action=reinterpret pc=0x000000010c91d394 method=java.lang.String.indexOf([CII[CIII)I @ 123
Event: 0.862 Thread 0x00007ff9fe809000 Uncommon trap: reason=unstable_if action=reinterpret pc=0x000000010c9b78b4 method=java.lang.String.indexOf([CII[CIII)I @ 3

Internal exceptions (10 events):
Event: 0.822 Thread 0x00007ff9fe809000 Exception <a 'java/security/PrivilegedActionException'> (0x000000079684c088) thrown at [/Users/java_re/workspace/8-2-build-macosx-x86_64/jdk8u151/9699/hotspot/src/share/vm/prims/jvm.cpp, line 1390]
Event: 0.822 Thread 0x00007ff9fe809000 Exception <a 'java/security/PrivilegedActionException'> (0x000000079684c480) thrown at [/Users/java_re/workspace/8-2-build-macosx-x86_64/jdk8u151/9699/hotspot/src/share/vm/prims/jvm.cpp, line 1390]
Event: 0.824 Thread 0x00007ff9fe809000 Exception <a 'java/security/PrivilegedActionException'> (0x0000000796867e30) thrown at [/Users/java_re/workspace/8-2-build-macosx-x86_64/jdk8u151/9699/hotspot/src/share/vm/prims/jvm.cpp, line 1390]
Event: 0.824 Thread 0x00007ff9fe809000 Exception <a 'java/security/PrivilegedActionException'> (0x0000000796868228) thrown at [/Users/java_re/workspace/8-2-build-macosx-x86_64/jdk8u151/9699/hotspot/src/share/vm/prims/jvm.cpp, line 1390]
Event: 0.824 Thread 0x00007ff9fe809000 Exception <a 'java/security/PrivilegedActionException'> (0x0000000796871648) thrown at [/Users/java_re/workspace/8-2-build-macosx-x86_64/jdk8u151/9699/hotspot/src/share/vm/prims/jvm.cpp, line 1390]
Event: 0.824 Thread 0x00007ff9fe809000 Exception <a 'java/security/PrivilegedActionException'> (0x0000000796871a40) thrown at [/Users/java_re/workspace/8-2-build-macosx-x86_64/jdk8u151/9699/hotspot/src/share/vm/prims/jvm.cpp, line 1390]
Event: 0.824 Thread 0x00007ff9fe809000 Exception <a 'java/security/PrivilegedActionException'> (0x000000079687af70) thrown at [/Users/java_re/workspace/8-2-build-macosx-x86_64/jdk8u151/9699/hotspot/src/share/vm/prims/jvm.cpp, line 1390]
Event: 0.824 Thread 0x00007ff9fe809000 Exception <a 'java/security/PrivilegedActionException'> (0x000000079687b368) thrown at [/Users/java_re/workspace/8-2-build-macosx-x86_64/jdk8u151/9699/hotspot/src/share/vm/prims/jvm.cpp, line 1390]
Event: 0.824 Thread 0x00007ff9fe809000 Exception <a 'java/security/PrivilegedActionException'> (0x0000000796884bb8) thrown at [/Users/java_re/workspace/8-2-build-macosx-x86_64/jdk8u151/9699/hotspot/src/share/vm/prims/jvm.cpp, line 1390]
Event: 0.824 Thread 0x00007ff9fe809000 Exception <a 'java/security/PrivilegedActionException'> (0x0000000796884fb0) thrown at [/Users/java_re/workspace/8-2-build-macosx-x86_64/jdk8u151/9699/hotspot/src/share/vm/prims/jvm.cpp, line 1390]

Events (10 events):
Event: 1.521 loading class org/openxmlformats/schemas/officeDocument/x2006/customProperties/PropertiesDocument
Event: 1.521 loading class org/openxmlformats/schemas/officeDocument/x2006/customProperties/PropertiesDocument done
Event: 1.522 loading class org/openxmlformats/schemas/officeDocument/x2006/customProperties/impl/PropertiesDocumentImpl
Event: 1.522 loading class org/openxmlformats/schemas/officeDocument/x2006/customProperties/impl/PropertiesDocumentImpl done
Event: 1.524 loading class org/openxmlformats/schemas/officeDocument/x2006/customProperties/impl/CTPropertiesImpl
Event: 1.524 loading class org/openxmlformats/schemas/officeDocument/x2006/customProperties/impl/CTPropertiesImpl done
Event: 1.525 loading class org/openxmlformats/schemas/officeDocument/x2006/customProperties/CTProperties
Event: 1.525 loading class org/openxmlformats/schemas/officeDocument/x2006/customProperties/CTProperties done
Event: 1.532 loading class org/apache/poi/POIXMLProperties$CoreProperties
Event: 1.532 loading class org/apache/poi/POIXMLProperties$CoreProperties done


Dynamic libraries:
0x000000005d4d1000 	/System/Library/Frameworks/Cocoa.framework/Versions/A/Cocoa
0x000000005d4d1000 	/System/Library/Frameworks/Security.framework/Versions/A/Security
0x000000005d4d1000 	/System/Library/Frameworks/ApplicationServices.framework/Versions/A/ApplicationServices
0x000000005d4d1000 	/usr/lib/libz.1.dylib
0x000000005d4d1000 	/usr/lib/libSystem.B.dylib
0x000000005d4d1000 	/usr/lib/libobjc.A.dylib
0x000000005d4d1000 	/System/Library/Frameworks/CoreFoundation.framework/Versions/A/CoreFoundation
0x000000005d4d1000 	/System/Library/Frameworks/Foundation.framework/Versions/C/Foundation
0x000000005d4d1000 	/System/Library/Frameworks/AppKit.framework/Versions/C/AppKit
0x000000005d4d1000 	/System/Library/Frameworks/CoreData.framework/Versions/A/CoreData
0x000000005d4d1000 	/System/Library/PrivateFrameworks/RemoteViewServices.framework/Versions/A/RemoteViewServices
0x000000005d4d1000 	/System/Library/PrivateFrameworks/UIFoundation.framework/Versions/A/UIFoundation
0x000000005d4d1000 	/System/Library/PrivateFrameworks/DFRFoundation.framework/Versions/A/DFRFoundation
0x000000005d4d1000 	/usr/lib/libenergytrace.dylib
0x000000005d4d1000 	/System/Library/PrivateFrameworks/SkyLight.framework/Versions/A/SkyLight
0x000000005d4d1000 	/System/Library/Frameworks/CoreGraphics.framework/Versions/A/CoreGraphics
0x000000005d4d1000 	/usr/lib/libScreenReader.dylib
0x000000005d4d1000 	/System/Library/Frameworks/Accelerate.framework/Versions/A/Accelerate
0x000000005d4d1000 	/System/Library/Frameworks/IOSurface.framework/Versions/A/IOSurface
0x000000005d4d1000 	/System/Library/Frameworks/AudioToolbox.framework/Versions/A/AudioToolbox
0x000000005d4d1000 	/System/Library/Frameworks/AudioUnit.framework/Versions/A/AudioUnit
0x000000005d4d1000 	/System/Library/PrivateFrameworks/DataDetectorsCore.framework/Versions/A/DataDetectorsCore
0x000000005d4d1000 	/System/Library/PrivateFrameworks/DesktopServicesPriv.framework/Versions/A/DesktopServicesPriv
0x000000005d4d1000 	/System/Library/Frameworks/Carbon.framework/Versions/A/Frameworks/HIToolbox.framework/Versions/A/HIToolbox
0x000000005d4d1000 	/usr/lib/libicucore.A.dylib
0x000000005d4d1000 	/System/Library/Frameworks/QuartzCore.framework/Versions/A/QuartzCore
0x000000005d4d1000 	/System/Library/Frameworks/Carbon.framework/Versions/A/Frameworks/SpeechRecognition.framework/Versions/A/SpeechRecognition
0x000000005d4d1000 	/usr/lib/libauto.dylib
0x000000005d4d1000 	/usr/lib/libxml2.2.dylib
0x000000005d4d1000 	/System/Library/PrivateFrameworks/CoreUI.framework/Versions/A/CoreUI
0x000000005d4d1000 	/System/Library/Frameworks/CoreAudio.framework/Versions/A/CoreAudio
0x000000005d4d1000 	/System/Library/Frameworks/DiskArbitration.framework/Versions/A/DiskArbitration
0x000000005d4d1000 	/usr/lib/liblangid.dylib
0x000000005d4d1000 	/System/Library/PrivateFrameworks/MultitouchSupport.framework/Versions/A/MultitouchSupport
0x000000005d4d1000 	/System/Library/Frameworks/IOKit.framework/Versions/A/IOKit
0x000000005d4d1000 	/usr/lib/libDiagnosticMessagesClient.dylib
0x000000005d4d1000 	/System/Library/Frameworks/CoreServices.framework/Versions/A/CoreServices
0x000000005d4d1000 	/System/Library/PrivateFrameworks/PerformanceAnalysis.framework/Versions/A/PerformanceAnalysis
0x000000005d4d1000 	/System/Library/PrivateFrameworks/GenerationalStorage.framework/Versions/A/GenerationalStorage
0x000000005d4d1000 	/System/Library/Frameworks/OpenGL.framework/Versions/A/OpenGL
0x000000005d4d1000 	/System/Library/Frameworks/CoreImage.framework/Versions/A/CoreImage
0x000000005d4d1000 	/System/Library/Frameworks/CoreText.framework/Versions/A/CoreText
0x000000005d4d1000 	/System/Library/Frameworks/ImageIO.framework/Versions/A/ImageIO
0x000000005d4d1000 	/System/Library/PrivateFrameworks/Backup.framework/Versions/A/Backup
0x000000005d4d1000 	/usr/lib/libarchive.2.dylib
0x000000005d4d1000 	/System/Library/Frameworks/CFNetwork.framework/Versions/A/CFNetwork
0x000000005d4d1000 	/System/Library/Frameworks/SystemConfiguration.framework/Versions/A/SystemConfiguration
0x000000005d4d1000 	/usr/lib/libCRFSuite.dylib
0x000000005d4d1000 	/usr/lib/libc++.1.dylib
0x000000005d4d1000 	/usr/lib/libc++abi.dylib
0x000000005d4d1000 	/usr/lib/system/libcache.dylib
0x000000005d4d1000 	/usr/lib/system/libcommonCrypto.dylib
0x000000005d4d1000 	/usr/lib/system/libcompiler_rt.dylib
0x000000005d4d1000 	/usr/lib/system/libcopyfile.dylib
0x000000005d4d1000 	/usr/lib/system/libcorecrypto.dylib
0x000000005d4d1000 	/usr/lib/system/libdispatch.dylib
0x000000005d4d1000 	/usr/lib/system/libdyld.dylib
0x000000005d4d1000 	/usr/lib/system/libkeymgr.dylib
0x000000005d4d1000 	/usr/lib/system/liblaunch.dylib
0x000000005d4d1000 	/usr/lib/system/libmacho.dylib
0x000000005d4d1000 	/usr/lib/system/libquarantine.dylib
0x000000005d4d1000 	/usr/lib/system/libremovefile.dylib
0x000000005d4d1000 	/usr/lib/system/libsystem_asl.dylib
0x000000005d4d1000 	/usr/lib/system/libsystem_blocks.dylib
0x000000005d4d1000 	/usr/lib/system/libsystem_c.dylib
0x000000005d4d1000 	/usr/lib/system/libsystem_configuration.dylib
0x000000005d4d1000 	/usr/lib/system/libsystem_coreservices.dylib
0x000000005d4d1000 	/usr/lib/system/libsystem_coretls.dylib
0x000000005d4d1000 	/usr/lib/system/libsystem_dnssd.dylib
0x000000005d4d1000 	/usr/lib/system/libsystem_info.dylib
0x000000005d4d1000 	/usr/lib/system/libsystem_kernel.dylib
0x000000005d4d1000 	/usr/lib/system/libsystem_m.dylib
0x000000005d4d1000 	/usr/lib/system/libsystem_malloc.dylib
0x000000005d4d1000 	/usr/lib/system/libsystem_network.dylib
0x000000005d4d1000 	/usr/lib/system/libsystem_networkextension.dylib
0x000000005d4d1000 	/usr/lib/system/libsystem_notify.dylib
0x000000005d4d1000 	/usr/lib/system/libsystem_platform.dylib
0x000000005d4d1000 	/usr/lib/system/libsystem_pthread.dylib
0x000000005d4d1000 	/usr/lib/system/libsystem_sandbox.dylib
0x000000005d4d1000 	/usr/lib/system/libsystem_secinit.dylib
0x000000005d4d1000 	/usr/lib/system/libsystem_symptoms.dylib
0x000000005d4d1000 	/usr/lib/system/libsystem_trace.dylib
0x000000005d4d1000 	/usr/lib/system/libunwind.dylib
0x000000005d4d1000 	/usr/lib/system/libxpc.dylib
0x000000005d4d1000 	/usr/lib/libbsm.0.dylib
0x000000005d4d1000 	/usr/lib/system/libkxld.dylib
0x000000005d4d1000 	/usr/lib/libcoretls.dylib
0x000000005d4d1000 	/usr/lib/libcoretls_cfhelpers.dylib
0x000000005d4d1000 	/usr/lib/libOpenScriptingUtil.dylib
0x000000005d4d1000 	/usr/lib/libpam.2.dylib
0x000000005d4d1000 	/usr/lib/libsqlite3.dylib
0x000000005d4d1000 	/usr/lib/libxar.1.dylib
0x000000005d4d1000 	/usr/lib/libbz2.1.0.dylib
0x000000005d4d1000 	/usr/lib/liblzma.5.dylib
0x000000005d4d1000 	/usr/lib/libnetwork.dylib
0x000000005d4d1000 	/usr/lib/libpcap.A.dylib
0x000000005d4d1000 	/System/Library/Frameworks/CoreServices.framework/Versions/A/Frameworks/FSEvents.framework/Versions/A/FSEvents
0x000000005d4d1000 	/System/Library/Frameworks/CoreServices.framework/Versions/A/Frameworks/CarbonCore.framework/Versions/A/CarbonCore
0x000000005d4d1000 	/System/Library/Frameworks/CoreServices.framework/Versions/A/Frameworks/Metadata.framework/Versions/A/Metadata
0x000000005d4d1000 	/System/Library/Frameworks/CoreServices.framework/Versions/A/Frameworks/OSServices.framework/Versions/A/OSServices
0x000000005d4d1000 	/System/Library/Frameworks/CoreServices.framework/Versions/A/Frameworks/SearchKit.framework/Versions/A/SearchKit
0x000000005d4d1000 	/System/Library/Frameworks/CoreServices.framework/Versions/A/Frameworks/AE.framework/Versions/A/AE
0x000000005d4d1000 	/System/Library/Frameworks/CoreServices.framework/Versions/A/Frameworks/LaunchServices.framework/Versions/A/LaunchServices
0x000000005d4d1000 	/System/Library/Frameworks/CoreServices.framework/Versions/A/Frameworks/DictionaryServices.framework/Versions/A/DictionaryServices
0x000000005d4d1000 	/System/Library/Frameworks/CoreServices.framework/Versions/A/Frameworks/SharedFileList.framework/Versions/A/SharedFileList
0x000000005d4d1000 	/System/Library/Frameworks/NetFS.framework/Versions/A/NetFS
0x000000005d4d1000 	/System/Library/PrivateFrameworks/NetAuth.framework/Versions/A/NetAuth
0x000000005d4d1000 	/System/Library/PrivateFrameworks/login.framework/Versions/A/Frameworks/loginsupport.framework/Versions/A/loginsupport
0x000000005d4d1000 	/System/Library/PrivateFrameworks/TCC.framework/Versions/A/TCC
0x000000005d4d1000 	/usr/lib/libmecabra.dylib
0x000000005d4d1000 	/System/Library/Frameworks/ApplicationServices.framework/Versions/A/Frameworks/ATS.framework/Versions/A/ATS
0x000000005d4d1000 	/System/Library/Frameworks/ApplicationServices.framework/Versions/A/Frameworks/ColorSync.framework/Versions/A/ColorSync
0x000000005d4d1000 	/System/Library/Frameworks/ApplicationServices.framework/Versions/A/Frameworks/HIServices.framework/Versions/A/HIServices
0x000000005d4d1000 	/System/Library/Frameworks/ApplicationServices.framework/Versions/A/Frameworks/LangAnalysis.framework/Versions/A/LangAnalysis
0x000000005d4d1000 	/System/Library/Frameworks/ApplicationServices.framework/Versions/A/Frameworks/PrintCore.framework/Versions/A/PrintCore
0x000000005d4d1000 	/System/Library/Frameworks/ApplicationServices.framework/Versions/A/Frameworks/QD.framework/Versions/A/QD
0x000000005d4d1000 	/System/Library/Frameworks/ApplicationServices.framework/Versions/A/Frameworks/SpeechSynthesis.framework/Versions/A/SpeechSynthesis
0x000000005d4d1000 	/System/Library/Frameworks/Accelerate.framework/Versions/A/Frameworks/vImage.framework/Versions/A/vImage
0x000000005d4d1000 	/System/Library/Frameworks/Accelerate.framework/Versions/A/Frameworks/vecLib.framework/Versions/A/vecLib
0x000000005d4d1000 	/System/Library/Frameworks/Accelerate.framework/Versions/A/Frameworks/vecLib.framework/Versions/A/libvDSP.dylib
0x000000005d4d1000 	/System/Library/Frameworks/Accelerate.framework/Versions/A/Frameworks/vecLib.framework/Versions/A/libBNNS.dylib
0x000000005d4d1000 	/System/Library/Frameworks/Accelerate.framework/Versions/A/Frameworks/vecLib.framework/Versions/A/libQuadrature.dylib
0x000000005d4d1000 	/System/Library/Frameworks/Accelerate.framework/Versions/A/Frameworks/vecLib.framework/Versions/A/libvMisc.dylib
0x000000005d4d1000 	/System/Library/Frameworks/Accelerate.framework/Versions/A/Frameworks/vecLib.framework/Versions/A/libLAPACK.dylib
0x000000005d4d1000 	/System/Library/Frameworks/Accelerate.framework/Versions/A/Frameworks/vecLib.framework/Versions/A/libBLAS.dylib
0x000000005d4d1000 	/System/Library/Frameworks/Accelerate.framework/Versions/A/Frameworks/vecLib.framework/Versions/A/libLinearAlgebra.dylib
0x000000005d4d1000 	/System/Library/Frameworks/Accelerate.framework/Versions/A/Frameworks/vecLib.framework/Versions/A/libSparseBLAS.dylib
0x000000005d4d1000 	/System/Library/Frameworks/ApplicationServices.framework/Versions/A/Frameworks/ATS.framework/Versions/A/Resources/libFontParser.dylib
0x000000005d4d1000 	/System/Library/Frameworks/ApplicationServices.framework/Versions/A/Frameworks/ATS.framework/Versions/A/Resources/libFontRegistry.dylib
0x000000005d4d1000 	/System/Library/Frameworks/ImageIO.framework/Versions/A/Resources/libJPEG.dylib
0x000000005d4d1000 	/System/Library/Frameworks/ImageIO.framework/Versions/A/Resources/libTIFF.dylib
0x000000005d4d1000 	/System/Library/Frameworks/ImageIO.framework/Versions/A/Resources/libPng.dylib
0x000000005d4d1000 	/System/Library/Frameworks/ImageIO.framework/Versions/A/Resources/libGIF.dylib
0x000000005d4d1000 	/System/Library/Frameworks/ImageIO.framework/Versions/A/Resources/libJP2.dylib
0x000000005d4d1000 	/System/Library/Frameworks/ImageIO.framework/Versions/A/Resources/libRadiance.dylib
0x000000005d4d1000 	/usr/lib/libcompression.dylib
0x000000005d4d1000 	/System/Library/PrivateFrameworks/AppleJPEG.framework/Versions/A/AppleJPEG
0x000000005d4d1000 	/usr/lib/libcups.2.dylib
0x000000005d4d1000 	/System/Library/Frameworks/Kerberos.framework/Versions/A/Kerberos
0x000000005d4d1000 	/System/Library/Frameworks/GSS.framework/Versions/A/GSS
0x000000005d4d1000 	/usr/lib/libresolv.9.dylib
0x000000005d4d1000 	/usr/lib/libiconv.2.dylib
0x000000005d4d1000 	/System/Library/PrivateFrameworks/Heimdal.framework/Versions/A/Heimdal
0x000000005d4d1000 	/usr/lib/libheimdal-asn1.dylib
0x000000005d4d1000 	/System/Library/Frameworks/OpenDirectory.framework/Versions/A/OpenDirectory
0x000000005d4d1000 	/System/Library/PrivateFrameworks/CommonAuth.framework/Versions/A/CommonAuth
0x000000005d4d1000 	/System/Library/Frameworks/OpenDirectory.framework/Versions/A/Frameworks/CFOpenDirectory.framework/Versions/A/CFOpenDirectory
0x000000005d4d1000 	/System/Library/Frameworks/SecurityFoundation.framework/Versions/A/SecurityFoundation
0x000000005d4d1000 	/System/Library/PrivateFrameworks/LanguageModeling.framework/Versions/A/LanguageModeling
0x000000005d4d1000 	/usr/lib/libmarisa.dylib
0x000000005d4d1000 	/usr/lib/libChineseTokenizer.dylib
0x000000005d4d1000 	/usr/lib/libcmph.dylib
0x000000005d4d1000 	/System/Library/PrivateFrameworks/CoreEmoji.framework/Versions/A/CoreEmoji
0x000000005d4d1000 	/System/Library/Frameworks/ServiceManagement.framework/Versions/A/ServiceManagement
0x000000005d4d1000 	/usr/lib/libxslt.1.dylib
0x000000005d4d1000 	/System/Library/Frameworks/Carbon.framework/Versions/A/Frameworks/Ink.framework/Versions/A/Ink
0x000000005d4d1000 	/System/Library/PrivateFrameworks/TextureIO.framework/Versions/A/TextureIO
0x000000005d4d1000 	/System/Library/Frameworks/Metal.framework/Versions/A/Metal
0x000000005d4d1000 	/usr/lib/libate.dylib
0x000000005d4d1000 	/System/Library/PrivateFrameworks/GPUCompiler.framework/libmetal_timestamp.dylib
0x000000005d4d1000 	/System/Library/Frameworks/OpenGL.framework/Versions/A/Libraries/libCoreFSCache.dylib
0x000000005d4d1000 	/System/Library/PrivateFrameworks/IOAccelerator.framework/Versions/A/IOAccelerator
0x000000005d4d1000 	/System/Library/Frameworks/CoreVideo.framework/Versions/A/CoreVideo
0x000000005d4d1000 	/usr/lib/libFosl_dynamic.dylib
0x000000005d4d1000 	/System/Library/PrivateFrameworks/MetalPerformanceShaders.framework/Versions/A/MetalPerformanceShaders
0x000000005d4d1000 	/System/Library/PrivateFrameworks/FaceCore.framework/Versions/A/FaceCore
0x000000005d4d1000 	/System/Library/Frameworks/OpenCL.framework/Versions/A/OpenCL
0x000000005d4d1000 	/System/Library/Frameworks/OpenGL.framework/Versions/A/Libraries/libGLU.dylib
0x000000005d4d1000 	/System/Library/Frameworks/OpenGL.framework/Versions/A/Libraries/libGFXShared.dylib
0x000000005d4d1000 	/System/Library/Frameworks/OpenGL.framework/Versions/A/Libraries/libGL.dylib
0x000000005d4d1000 	/System/Library/Frameworks/OpenGL.framework/Versions/A/Libraries/libGLImage.dylib
0x000000005d4d1000 	/System/Library/Frameworks/OpenGL.framework/Versions/A/Libraries/libCVMSPluginSupport.dylib
0x000000005d4d1000 	/System/Library/Frameworks/OpenGL.framework/Versions/A/Libraries/libCoreVMClient.dylib
0x000000005d4d1000 	/System/Library/PrivateFrameworks/CrashReporterSupport.framework/Versions/A/CrashReporterSupport
0x000000005d4d1000 	/System/Library/PrivateFrameworks/Sharing.framework/Versions/A/Sharing
0x000000005d4d1000 	/System/Library/PrivateFrameworks/IconServices.framework/Versions/A/IconServices
0x000000005d4d1000 	/System/Library/PrivateFrameworks/ProtocolBuffer.framework/Versions/A/ProtocolBuffer
0x000000005d4d1000 	/System/Library/PrivateFrameworks/Apple80211.framework/Versions/A/Apple80211
0x000000005d4d1000 	/System/Library/Frameworks/CoreWLAN.framework/Versions/A/CoreWLAN
0x000000005d4d1000 	/System/Library/PrivateFrameworks/CoreUtils.framework/Versions/A/CoreUtils
0x000000005d4d1000 	/System/Library/Frameworks/IOBluetooth.framework/Versions/A/IOBluetooth
0x000000005d4d1000 	/System/Library/PrivateFrameworks/CoreWiFi.framework/Versions/A/CoreWiFi
0x000000005d4d1000 	/System/Library/Frameworks/CoreBluetooth.framework/Versions/A/CoreBluetooth
0x000000005d4d1000 	/System/Library/Frameworks/CoreDisplay.framework/Versions/A/CoreDisplay
0x000000005d4d1000 	/System/Library/PrivateFrameworks/IOPresentment.framework/Versions/A/IOPresentment
0x000000005d4d1000 	/System/Library/PrivateFrameworks/DSExternalDisplay.framework/Versions/A/DSExternalDisplay
0x000000005d4d1000 	/System/Library/PrivateFrameworks/DebugSymbols.framework/Versions/A/DebugSymbols
0x000000005d4d1000 	/System/Library/PrivateFrameworks/CoreSymbolication.framework/Versions/A/CoreSymbolication
0x000000005d4d1000 	/System/Library/PrivateFrameworks/Symbolication.framework/Versions/A/Symbolication
0x000000005d4d1000 	/System/Library/PrivateFrameworks/AppleFSCompression.framework/Versions/A/AppleFSCompression
0x000000005d4d1000 	/System/Library/PrivateFrameworks/SpeechRecognitionCore.framework/Versions/A/SpeechRecognitionCore
0x000000005d4d1000 	/System/Library/PrivateFrameworks/ChunkingLibrary.framework/Versions/A/ChunkingLibrary
0x000000010b810000 	/Library/Java/JavaVirtualMachines/jdk1.8.0_151.jdk/Contents/Home/jre/lib/server/libjvm.dylib
0x000000005d4d1000 	/usr/lib/libstdc++.6.dylib
0x0000000109f3d000 	/Library/Java/JavaVirtualMachines/jdk1.8.0_151.jdk/Contents/Home/jre/lib/libverify.dylib
0x0000000109f4b000 	/Library/Java/JavaVirtualMachines/jdk1.8.0_151.jdk/Contents/Home/jre/lib/libjava.dylib
0x0000000109f8a000 	/Library/Java/JavaVirtualMachines/jdk1.8.0_151.jdk/Contents/Home/jre/lib/libzip.dylib
0x0000000109fe4000 	/System/Library/Frameworks/JavaVM.framework/Frameworks/JavaRuntimeSupport.framework/JavaRuntimeSupport
0x000000012114d000 	/System/Library/Frameworks/JavaVM.framework/Versions/A/Frameworks/JavaNativeFoundation.framework/Versions/A/JavaNativeFoundation
0x0000000121162000 	/System/Library/Frameworks/JavaVM.framework/Versions/A/JavaVM
0x000000005d4d1000 	/System/Library/Frameworks/Carbon.framework/Versions/A/Carbon
0x000000012116f000 	/System/Library/PrivateFrameworks/JavaLaunching.framework/Versions/A/JavaLaunching
0x000000005d4d1000 	/System/Library/Frameworks/Carbon.framework/Versions/A/Frameworks/CommonPanels.framework/Versions/A/CommonPanels
0x000000005d4d1000 	/System/Library/Frameworks/Carbon.framework/Versions/A/Frameworks/Help.framework/Versions/A/Help
0x000000005d4d1000 	/System/Library/Frameworks/Carbon.framework/Versions/A/Frameworks/ImageCapture.framework/Versions/A/ImageCapture
0x000000005d4d1000 	/System/Library/Frameworks/Carbon.framework/Versions/A/Frameworks/OpenScripting.framework/Versions/A/OpenScripting
0x000000005d4d1000 	/System/Library/Frameworks/Carbon.framework/Versions/A/Frameworks/Print.framework/Versions/A/Print
0x000000005d4d1000 	/System/Library/Frameworks/Carbon.framework/Versions/A/Frameworks/SecurityHI.framework/Versions/A/SecurityHI

VM Arguments:
jvm_args: -Dfile.encoding=UTF-8 
java_command: tests.ExcelTest
java_class_path (initial): /Library/Java/JavaVirtualMachines/jdk1.8.0_151.jdk/Contents/Home/jre/lib/resources.jar:/Library/Java/JavaVirtualMachines/jdk1.8.0_151.jdk/Contents/Home/jre/lib/rt.jar:/Library/Java/JavaVirtualMachines/jdk1.8.0_151.jdk/Contents/Home/jre/lib/jsse.jar:/Library/Java/JavaVirtualMachines/jdk1.8.0_151.jdk/Contents/Home/jre/lib/jce.jar:/Library/Java/JavaVirtualMachines/jdk1.8.0_151.jdk/Contents/Home/jre/lib/charsets.jar:/Library/Java/JavaVirtualMachines/jdk1.8.0_151.jdk/Contents/Home/jre/lib/jfr.jar:/Library/Java/JavaVirtualMachines/jdk1.8.0_151.jdk/Contents/Home/jre/lib/ext/cldrdata.jar:/Library/Java/JavaVirtualMachines/jdk1.8.0_151.jdk/Contents/Home/jre/lib/ext/dnsns.jar:/Library/Java/JavaVirtualMachines/jdk1.8.0_151.jdk/Contents/Home/jre/lib/ext/jaccess.jar:/Library/Java/JavaVirtualMachines/jdk1.8.0_151.jdk/Contents/Home/jre/lib/ext/jfxrt.jar:/Library/Java/JavaVirtualMachines/jdk1.8.0_151.jdk/Contents/Home/jre/lib/ext/localedata.jar:/Library/Java/JavaVirtualMachines/jdk1.8.0_151.jdk/Contents/Home/jre/lib/ext/nashorn.jar:/Library/Java/JavaVirtualMachines/jdk1.8.0_151.jdk/Contents/Home/jre/lib/ext/sunec.jar:/Library/Java/JavaVirtualMachines/jdk1.8.0_151.jdk/Contents/Home/jre/lib/ext/sunjce_provider.jar:/Library/Java/JavaVirtualMachines/jdk1.8.0_151.jdk/Contents/Home/jre/lib/ext/sunpkcs11.jar:/Library/Java/JavaVirtualMachines/jdk1.8.0_151.jdk/Contents/Home/jre/lib/ext/zipfs.jar:/System/Library/Java/Extensions/MRJToolkit.jar:/Users/cybertekchicago-1/eclipse-workspace/cucumber-junit-automation/target/test-classes:/Users/cybertekchicago-1/eclipse-workspace/cucumber-junit-automation/target/classes:/Users/cybertekchicago-1/.m2/repository/io/cucumber/cucumber-java/3.0.2/cucumber-java-3.0.2.jar:/Users/cybertekchicago-1/.m2/repository/io/cucumber/cucumber-core/3.0.2/cucumber-core-3.0.2.jar:/Users/cybertekchicago-1/.m2/repository/io/cucumber/cucumber-html/0.2.7/cucumber-html-0.2.7.jar:/Users/cybertekchicago-1/.m2/repository/io/cucumber/gherkin/5.0.0/gher
Launcher Type: SUN_STANDARD

Environment Variables:
PATH=/usr/bin:/bin:/usr/sbin:/sbin
SHELL=/bin/bash

Signal Handlers:
SIGSEGV: [libjvm.dylib+0x5b27a5], sa_mask[0]=11111111011111110111111111111111, sa_flags=SA_ONSTACK|SA_RESTART|SA_SIGINFO
SIGBUS: [libjvm.dylib+0x5b27a5], sa_mask[0]=11111111011111110111111111111111, sa_flags=SA_RESTART|SA_SIGINFO
SIGFPE: [libjvm.dylib+0x4891c4], sa_mask[0]=11111111011111110111111111111111, sa_flags=SA_RESTART|SA_SIGINFO
SIGPIPE: [libjvm.dylib+0x4891c4], sa_mask[0]=11111111011111110111111111111111, sa_flags=SA_RESTART|SA_SIGINFO
SIGXFSZ: [libjvm.dylib+0x4891c4], sa_mask[0]=11111111011111110111111111111111, sa_flags=SA_RESTART|SA_SIGINFO
SIGILL: [libjvm.dylib+0x4891c4], sa_mask[0]=11111111011111110111111111111111, sa_flags=SA_RESTART|SA_SIGINFO
SIGUSR1: SIG_DFL, sa_mask[0]=00000000000000000000000000000000, sa_flags=none
SIGUSR2: [libjvm.dylib+0x488ce2], sa_mask[0]=00100000000000000000000000000000, sa_flags=SA_RESTART|SA_SIGINFO
SIGHUP: [libjvm.dylib+0x4872b9], sa_mask[0]=11111111011111110111111111111111, sa_flags=SA_RESTART|SA_SIGINFO
SIGINT: [libjvm.dylib+0x4872b9], sa_mask[0]=11111111011111110111111111111111, sa_flags=SA_RESTART|SA_SIGINFO
SIGTERM: [libjvm.dylib+0x4872b9], sa_mask[0]=11111111011111110111111111111111, sa_flags=SA_RESTART|SA_SIGINFO
SIGQUIT: [libjvm.dylib+0x4872b9], sa_mask[0]=11111111011111110111111111111111, sa_flags=SA_RESTART|SA_SIGINFO


---------------  S Y S T E M  ---------------

OS:Bsduname:Darwin 16.7.0 Darwin Kernel Version 16.7.0: Tue Jan 30 11:27:06 PST 2018; root:xnu-3789.73.11~1/RELEASE_X86_64 x86_64
rlimit: STACK 8192k, CORE 0k, NPROC 709, NOFILE 10240, AS infinity
load average:1.53 1.92 1.75

CPU:total 4 (initial active 4) (4 cores per cpu, 1 threads per core) family 6 model 158 stepping 9, cmov, cx8, fxsr, mmx, sse, sse2, sse3, ssse3, sse4.1, sse4.2, popcnt, avx, avx2, aes, clmul, erms, rtm, 3dnowpref, lzcnt, tsc, tscinvbit, bmi1, bmi2, adx

Memory: 4k page, physical 8388608k(41268k free)

/proc/meminfo:


vm_info: Java HotSpot(TM) 64-Bit Server VM (25.151-b12) for bsd-amd64 JRE (1.8.0_151-b12), built on Sep  5 2017 19:37:08 by "java_re" with gcc 4.2.1 (Based on Apple Inc. build 5658) (LLVM build 2336.11.00)

time: Wed Aug  1 19:54:11 2018
elapsed time: 1 seconds (0d 0h 0m 1s)

